<?xml version="1.0" encoding="UTF-8"?>
<!-- Generated by org.testng.reporters.JUnitReportReporter -->
<testsuite hostname="IBM-7JTV4D4" failures="0" tests="3" name="practice.learning.tests.NavTest" time="1.731" errors="0" timestamp="2025-12-31T11:25:25 IST" skipped="0">
  <testcase classname="practice.learning.tests.NavTest" name="testNavigationException" time="0.845"/>
  <testcase classname="practice.learning.tests.NavTest" name="testNavigationLogin" time="0.452"/>
  <testcase classname="practice.learning.tests.NavTest" name="testNavigationTable" time="0.434"/>
</testsuite> <!-- practice.learning.tests.NavTest -->
