<?xml version="1.0" encoding="UTF-8"?>
<!-- Generated by org.testng.reporters.JUnitReportReporter -->
<testsuite hostname="IBM-7JTV4D4" failures="0" tests="3" name="practice.learning.tests.LoginTest" time="2.817" errors="0" timestamp="2025-12-31T15:49:58 IST" skipped="0">
  <testcase classname="practice.learning.tests.LoginTest" name="performInvalidLoginPassword" time="1.139"/>
  <testcase classname="practice.learning.tests.LoginTest" name="performValidLogin" time="1.230"/>
  <testcase classname="practice.learning.tests.LoginTest" name="performInvalidLoginUsername" time="0.448"/>
</testsuite> <!-- practice.learning.tests.LoginTest -->
