<?xml version="1.0" encoding="UTF-8"?>
<!-- Generated by org.testng.reporters.JUnitReportReporter -->
<testsuite hostname="IBM-7JTV4D4" failures="0" tests="3" name="practice.learning.tests.NavTest" time="4.234" errors="0" timestamp="2025-12-31T14:03:34 IST" skipped="0">
  <testcase classname="practice.learning.tests.NavTest" name="testNavigationLogin" time="2.471"/>
  <testcase classname="practice.learning.tests.NavTest" name="testNavigationTable" time="0.658"/>
  <testcase classname="practice.learning.tests.NavTest" name="testNavigationException" time="1.105"/>
</testsuite> <!-- practice.learning.tests.NavTest -->
