<?xml version="1.0" encoding="UTF-8"?>
<!-- Generated by org.testng.reporters.JUnitReportReporter -->
<testsuite hostname="IBM-7JTV4D4" failures="0" tests="2" name="practice.learning.tests.LoginTest" time="2.154" errors="0" timestamp="2025-12-31T12:35:12 IST" skipped="0">
  <testcase classname="practice.learning.tests.LoginTest" name="performValidLogin" time="1.630"/>
  <testcase classname="practice.learning.tests.LoginTest" name="performInvalidLoginPassword" time="0.524"/>
</testsuite> <!-- practice.learning.tests.LoginTest -->
