<?xml version="1.0" encoding="UTF-8"?>
<testng-results ignored="0" total="1" passed="1" failed="0" skipped="0">
  <reporter-output>
  </reporter-output>
  <suite started-at="2026-01-06T16:30:41 IST" name="Default suite" finished-at="2026-01-06T16:30:54 IST" duration-ms="13581">
    <groups>
    </groups>
    <test started-at="2026-01-06T16:30:41 IST" name="Default test" finished-at="2026-01-06T16:30:54 IST" duration-ms="13581">
      <class name="learning.APITesting.ClimateTest">
        <test-method signature="getCityClimateDetails()[pri:0, instance:learning.APITesting.ClimateTest@1a482e36]" started-at="2026-01-06T16:30:41 IST" name="getCityClimateDetails" finished-at="2026-01-06T16:30:54 IST" duration-ms="13546" status="PASS">
          <reporter-output>
          </reporter-output>
        </test-method> <!-- getCityClimateDetails -->
      </class> <!-- learning.APITesting.ClimateTest -->
    </test> <!-- Default test -->
  </suite> <!-- Default suite -->
</testng-results>
