<?xml version="1.0" encoding="UTF-8"?>
<testng-results ignored="0" total="3" passed="3" failed="0" skipped="0">
  <reporter-output>
  </reporter-output>
  <suite started-at="2025-12-31T15:49:50 IST" name="Default suite" finished-at="2025-12-31T15:49:58 IST" duration-ms="8444">
    <groups>
    </groups>
    <test started-at="2025-12-31T15:49:50 IST" name="Default test" finished-at="2025-12-31T15:49:58 IST" duration-ms="8444">
      <class name="practice.learning.tests.LoginTest">
        <test-method is-config="true" signature="setup()[pri:0, instance:practice.learning.tests.LoginTest@3eb25e1a]" started-at="2025-12-31T15:49:50 IST" name="setup" finished-at="2025-12-31T15:49:54 IST" duration-ms="4376" status="PASS">
          <reporter-output>
          </reporter-output>
        </test-method> <!-- setup -->
        <test-method is-config="true" signature="resetState()[pri:0, instance:practice.learning.tests.LoginTest@3eb25e1a]" started-at="2025-12-31T15:49:54 IST" name="resetState" finished-at="2025-12-31T15:49:54 IST" duration-ms="479" status="PASS">
          <reporter-output>
          </reporter-output>
        </test-method> <!-- resetState -->
        <test-method signature="performInvalidLoginPassword()[pri:0, instance:practice.learning.tests.LoginTest@3eb25e1a]" started-at="2025-12-31T15:49:54 IST" name="performInvalidLoginPassword" finished-at="2025-12-31T15:49:55 IST" duration-ms="660" status="PASS">
          <reporter-output>
          </reporter-output>
        </test-method> <!-- performInvalidLoginPassword -->
        <test-method is-config="true" signature="resetState()[pri:0, instance:practice.learning.tests.LoginTest@3eb25e1a]" started-at="2025-12-31T15:49:55 IST" name="resetState" finished-at="2025-12-31T15:49:55 IST" duration-ms="99" status="PASS">
          <reporter-output>
          </reporter-output>
        </test-method> <!-- resetState -->
        <test-method signature="performInvalidLoginUsername()[pri:0, instance:practice.learning.tests.LoginTest@3eb25e1a]" started-at="2025-12-31T15:49:55 IST" name="performInvalidLoginUsername" finished-at="2025-12-31T15:49:56 IST" duration-ms="349" status="PASS">
          <reporter-output>
          </reporter-output>
        </test-method> <!-- performInvalidLoginUsername -->
        <test-method is-config="true" signature="resetState()[pri:0, instance:practice.learning.tests.LoginTest@3eb25e1a]" started-at="2025-12-31T15:49:56 IST" name="resetState" finished-at="2025-12-31T15:49:56 IST" duration-ms="99" status="PASS">
          <reporter-output>
          </reporter-output>
        </test-method> <!-- resetState -->
        <test-method signature="performValidLogin()[pri:0, instance:practice.learning.tests.LoginTest@3eb25e1a]" started-at="2025-12-31T15:49:56 IST" name="performValidLogin" finished-at="2025-12-31T15:49:57 IST" duration-ms="1131" status="PASS">
          <reporter-output>
          </reporter-output>
        </test-method> <!-- performValidLogin -->
        <test-method is-config="true" signature="tearDown()[pri:0, instance:practice.learning.tests.LoginTest@3eb25e1a]" started-at="2025-12-31T15:49:57 IST" name="tearDown" finished-at="2025-12-31T15:49:58 IST" duration-ms="1199" status="PASS">
          <reporter-output>
          </reporter-output>
        </test-method> <!-- tearDown -->
      </class> <!-- practice.learning.tests.LoginTest -->
    </test> <!-- Default test -->
  </suite> <!-- Default suite -->
</testng-results>
