<?xml version="1.0" encoding="UTF-8"?>
<!-- Generated by org.testng.reporters.JUnitXMLReporter -->
<testsuite ignored="0" hostname="IBM-7JTV4D4" failures="0" tests="3" name="Test" time="6.982" errors="0" timestamp="2025-12-31T11:25:21 IST">
  <testcase classname="practice.learning.tests.NavTest" name="testNavigationException" time="0.825"/>
  <testcase classname="practice.learning.tests.NavTest" name="testNavigationLogin" time="0.431"/>
  <testcase classname="practice.learning.tests.NavTest" name="testNavigationTable" time="0.416"/>
</testsuite> <!-- Test -->
