<?xml version="1.0" encoding="UTF-8"?>
<!-- Generated by org.testng.reporters.JUnitXMLReporter -->
<testsuite ignored="0" hostname="IBM-7JTV4D4" failures="0" tests="3" name="Test:Login" time="7.488" errors="0" timestamp="2025-12-31T14:03:33 IST">
  <testcase classname="practice.learning.tests.LoginTest" name="performInvalidLoginPassword" time="0.363"/>
  <testcase classname="practice.learning.tests.LoginTest" name="performInvalidLoginUsername" time="0.348"/>
  <testcase classname="practice.learning.tests.LoginTest" name="performValidLogin" time="1.107"/>
</testsuite> <!-- Test:Login -->
