<?xml version="1.0" encoding="UTF-8"?>
<!-- Generated by org.testng.reporters.JUnitXMLReporter -->
<testsuite ignored="0" hostname="IBM-7JTV4D4" failures="0" tests="4" name="Test:Navigation" time="19.659" errors="0" timestamp="2025-12-31T14:03:26 IST">
  <testcase classname="practice.learning.tests.NavTest" name="testNavigationException" time="1.05"/>
  <testcase classname="practice.learning.tests.NavTest" name="testNavigationLogin" time="2.41"/>
  <testcase classname="practice.learning.tests.NavTest" name="testNavigationTable" time="0.609"/>
  <testcase classname="practice.learning.tests.HomeTest" name="testHomeNavigation" time="1.358"/>
</testsuite> <!-- Test:Navigation -->
