<?xml version="1.0" encoding="UTF-8"?>
<!-- Generated by org.testng.reporters.JUnitXMLReporter -->
<testsuite ignored="0" hostname="IBM-7JTV4D4" failures="0" tests="3" name="Default test" time="6.459" errors="0" timestamp="2025-12-31T11:18:54 IST">
  <testcase classname="practice.learning.tests.NavTest" name="testNavigationException" time="0.689"/>
  <testcase classname="practice.learning.tests.NavTest" name="testNavigationLogin" time="0.431"/>
  <testcase classname="practice.learning.tests.NavTest" name="testNavigationTable" time="0.439"/>
</testsuite> <!-- Default test -->
