<?xml version="1.0" encoding="UTF-8"?>
<!-- Generated by org.testng.reporters.JUnitXMLReporter -->
<testsuite ignored="0" hostname="IBM-7JTV4D4" failures="0" tests="3" name="Default test" time="8.444" errors="0" timestamp="2025-12-31T15:49:58 IST">
  <testcase classname="practice.learning.tests.LoginTest" name="performInvalidLoginPassword" time="0.66"/>
  <testcase classname="practice.learning.tests.LoginTest" name="performInvalidLoginUsername" time="0.349"/>
  <testcase classname="practice.learning.tests.LoginTest" name="performValidLogin" time="1.131"/>
</testsuite> <!-- Default test -->
